<?xml version="1.0" encoding="UTF-8"?>
<!-- Generated by org.testng.reporters.JUnitReportReporter -->
<testsuite hostname="DESKTOP-TLNRS9C" failures="0" tests="4" name="com.test_scripts.Cart_Test" time="30.797" errors="0" timestamp="2024-05-28T01:42:35 IST" skipped="0">
  <testcase classname="com.test_scripts.Cart_Test" name="addToCart" time="8.061"/>
  <system-out/>
  <testcase classname="com.test_scripts.Cart_Test" name="addToCart" time="7.427"/>
  <system-out/>
  <testcase classname="com.test_scripts.Cart_Test" name="deleteFromCart" time="7.160"/>
  <system-out/>
  <testcase classname="com.test_scripts.Cart_Test" name="deleteFromCart" time="8.149"/>
  <system-out/>
</testsuite> <!-- com.test_scripts.Cart_Test -->
