<?xml version="1.0" encoding="UTF-8"?>
<!-- Generated by org.testng.reporters.JUnitReportReporter -->
<testsuite hostname="DESKTOP-TLNRS9C" failures="0" tests="2" name="com.test_scripts.Cart_Test" time="16.018" errors="0" timestamp="2024-06-03T19:01:19 IST" skipped="0">
  <testcase classname="com.test_scripts.Cart_Test" name="addToCart" time="7.533"/>
  <system-out/>
  <testcase classname="com.test_scripts.Cart_Test" name="deleteFromCart" time="8.485"/>
  <system-out/>
</testsuite> <!-- com.test_scripts.Cart_Test -->
