<?xml version="1.0" encoding="UTF-8"?>
<!-- Generated by org.testng.reporters.JUnitReportReporter -->
<testsuite hostname="DESKTOP-TLNRS9C" failures="0" tests="1" name="com.learning_testNG.Base_Class_Test" time="5.010" errors="0" timestamp="2024-05-28T01:26:10 IST" skipped="0">
  <testcase classname="com.learning_testNG.Base_Class_Test" name="baseClassTest" time="5.010"/>
  <system-out>
    <![CDATA[Base test is running fine]]>
  </system-out>
</testsuite> <!-- com.learning_testNG.Base_Class_Test -->
