<?xml version="1.0" encoding="UTF-8"?>
<!-- Generated by org.testng.reporters.JUnitReportReporter -->
<testsuite hostname="DESKTOP-TLNRS9C" failures="0" tests="2" name="com.learning_testNG.Learning_Configuration_Annotations" time="0.018" errors="0" timestamp="2024-05-17T14:16:42 IST" skipped="0">
  <testcase classname="com.learning_testNG.Learning_Configuration_Annotations" name="registerTest" time="0.013"/>
  <system-out>
    <![CDATA[executing register test]]>
  </system-out>
  <testcase classname="com.learning_testNG.Learning_Configuration_Annotations" name="loginTest" time="0.005"/>
  <system-out>
    <![CDATA[executing login test]]>
  </system-out>
</testsuite> <!-- com.learning_testNG.Learning_Configuration_Annotations -->
