<?xml version="1.0" encoding="UTF-8"?>
<!-- Generated by org.testng.reporters.JUnitReportReporter -->
<testsuite hostname="DESKTOP-TLNRS9C" failures="0" tests="3" name="com.learning_testNG.RegisterDWS_DataProvider" time="39.884" errors="0" timestamp="2024-05-24T19:33:09 IST" skipped="0">
  <testcase classname="com.learning_testNG.RegisterDWS_DataProvider" name="regDws" time="12.598"/>
  <system-out/>
  <testcase classname="com.learning_testNG.RegisterDWS_DataProvider" name="regDws" time="16.031"/>
  <system-out/>
  <testcase classname="com.learning_testNG.RegisterDWS_DataProvider" name="regDws" time="11.255"/>
  <system-out/>
</testsuite> <!-- com.learning_testNG.RegisterDWS_DataProvider -->
