<?xml version="1.0" encoding="UTF-8"?>
<!-- Generated by org.testng.reporters.JUnitReportReporter -->
<testsuite hostname="DESKTOP-TLNRS9C" failures="0" tests="1" name="com.learning_testNG.Learning_POM_Classes" time="23.892" errors="0" timestamp="2024-06-05T16:19:49 IST" skipped="0">
  <testcase classname="com.learning_testNG.Learning_POM_Classes" name="searchTest" time="23.892"/>
  <system-out/>
</testsuite> <!-- com.learning_testNG.Learning_POM_Classes -->
