<?xml version="1.0" encoding="UTF-8"?>
<!-- Generated by org.testng.reporters.JUnitReportReporter -->
<testsuite hostname="DESKTOP-TLNRS9C" failures="0" tests="1" name="com.test_scripts.AddToCart_With_Configuration" time="7.276" errors="0" timestamp="2024-05-18T13:03:43 IST" skipped="0">
  <testcase classname="com.test_scripts.AddToCart_With_Configuration" name="addToCart" time="7.276"/>
  <system-out>
    <![CDATA[Item added to the cart]]>
  </system-out>
</testsuite> <!-- com.test_scripts.AddToCart_With_Configuration -->
