<?xml version="1.0" encoding="UTF-8"?>
<!-- Generated by org.testng.reporters.JUnitReportReporter -->
<testsuite hostname="DESKTOP-TLNRS9C" failures="0" tests="1" name="com.learning_testNG.Fetching_Multiple_Data_From_Excel" time="0.000" errors="0" timestamp="2024-05-29T18:51:59 IST" skipped="1">
  <testcase classname="com.learning_testNG.Fetching_Multiple_Data_From_Excel" name="flipkartMultiProductSearch" time="0.000">
    <skipped/>
  </testcase> <!-- flipkartMultiProductSearch -->
  <system-out/>
</testsuite> <!-- com.learning_testNG.Fetching_Multiple_Data_From_Excel -->
