<?xml version="1.0" encoding="UTF-8"?>
<!-- Generated by org.testng.reporters.JUnitReportReporter -->
<testsuite hostname="DESKTOP-TLNRS9C" failures="0" tests="1" name="com.learning_testNG.Priority_Annotation" time="0.026" errors="0" timestamp="2024-06-02T13:56:49 IST" skipped="0">
  <testcase classname="com.learning_testNG.Priority_Annotation" name="login" time="0.026"/>
  <system-out>
    <![CDATA[executing login test priority -1]]>
  </system-out>
</testsuite> <!-- com.learning_testNG.Priority_Annotation -->
