<?xml version="1.0" encoding="UTF-8"?>
<!-- Generated by org.testng.reporters.JUnitReportReporter -->
<testsuite hostname="DESKTOP-TLNRS9C" failures="0" tests="1" name="com.learning_testNG.Learning_Hard_Assert" time="24.466" errors="0" timestamp="2024-06-02T14:32:29 IST" skipped="0">
  <testcase classname="com.learning_testNG.Learning_Hard_Assert" name="loginHardAssert" time="24.466"/>
  <system-out/>
</testsuite> <!-- com.learning_testNG.Learning_Hard_Assert -->
