<?xml version="1.0" encoding="UTF-8"?>
<!-- Generated by org.testng.reporters.JUnitReportReporter -->
<testsuite hostname="DESKTOP-TLNRS9C" failures="0" tests="1" name="practice_zero_to_hero.Web_ElementSS" time="15.279" errors="0" timestamp="2024-06-11T22:32:58 IST" skipped="0">
  <testcase classname="practice_zero_to_hero.Web_ElementSS" name="loginButtonSS" time="15.279"/>
  <system-out/>
</testsuite> <!-- practice_zero_to_hero.Web_ElementSS -->
