<?xml version="1.0" encoding="UTF-8"?>
<!-- Generated by org.testng.reporters.JUnitReportReporter -->
<testsuite hostname="DESKTOP-TLNRS9C" failures="0" tests="1" name="practice_zero_to_hero.PracticeZeroToHero" time="25.115" errors="0" timestamp="2024-06-15T22:58:33 IST" skipped="0">
  <testcase classname="practice_zero_to_hero.PracticeZeroToHero" name="iframe" time="25.115"/>
  <system-out/>
</testsuite> <!-- practice_zero_to_hero.PracticeZeroToHero -->
