<?xml version="1.0" encoding="UTF-8"?>
<!-- Generated by org.testng.reporters.JUnitReportReporter -->
<testsuite hostname="DESKTOP-TLNRS9C" failures="0" tests="3" name="com.learning_testNG.Fetching_Multiple_Data_Excel_DWSLogin" time="42.863" errors="0" timestamp="2024-05-30T18:49:19 IST" skipped="0">
  <testcase classname="com.learning_testNG.Fetching_Multiple_Data_Excel_DWSLogin" name="dWS_MultipleLogin" time="12.057"/>
  <system-out/>
  <testcase classname="com.learning_testNG.Fetching_Multiple_Data_Excel_DWSLogin" name="dWS_MultipleLogin" time="18.196"/>
  <system-out/>
  <testcase classname="com.learning_testNG.Fetching_Multiple_Data_Excel_DWSLogin" name="dWS_MultipleLogin" time="12.610"/>
  <system-out/>
</testsuite> <!-- com.learning_testNG.Fetching_Multiple_Data_Excel_DWSLogin -->
