<?xml version="1.0" encoding="UTF-8"?>
<!-- Generated by org.testng.reporters.JUnitReportReporter -->
<testsuite hostname="DESKTOP-TLNRS9C" failures="0" tests="1" name="com.learning_testNG.Report_Generation_ExtentReport" time="11.066" errors="0" timestamp="2024-05-31T19:26:14 IST" skipped="0">
  <testcase classname="com.learning_testNG.Report_Generation_ExtentReport" name="loginTest" time="11.066"/>
  <system-out/>
</testsuite> <!-- com.learning_testNG.Report_Generation_ExtentReport -->
