<?xml version="1.0" encoding="UTF-8"?>
<!-- Generated by org.testng.reporters.JUnitReportReporter -->
<testsuite hostname="DESKTOP-TLNRS9C" failures="0" tests="3" name="com.learning_testNG.Learning_DependsOnMethods" time="0.025" errors="0" timestamp="2024-05-16T14:39:44 IST" skipped="0">
  <testcase classname="com.learning_testNG.Learning_DependsOnMethods" name="addToCartTest" time="0.003"/>
  <system-out>
    <![CDATA[executing addToCartTest case]]>
  </system-out>
  <testcase classname="com.learning_testNG.Learning_DependsOnMethods" name="register" time="0.019"/>
  <system-out>
    <![CDATA[executing register test case ]]>
  </system-out>
  <testcase classname="com.learning_testNG.Learning_DependsOnMethods" name="login" time="0.003"/>
  <system-out>
    <![CDATA[executing login test]]>
  </system-out>
</testsuite> <!-- com.learning_testNG.Learning_DependsOnMethods -->
