<?xml version="1.0" encoding="UTF-8"?>
<!-- Generated by org.testng.reporters.JUnitReportReporter -->
<testsuite hostname="DESKTOP-TLNRS9C" failures="0" tests="1" name="com.learning_testNG.Report_Generation_ExtentReport" time="27.077" errors="0" timestamp="2024-06-03T13:33:29 IST" skipped="0">
  <testcase classname="com.learning_testNG.Report_Generation_ExtentReport" name="loginTest" time="27.077"/>
  <system-out/>
</testsuite> <!-- com.learning_testNG.Report_Generation_ExtentReport -->
