<?xml version="1.0" encoding="UTF-8"?>
<!-- Generated by org.testng.reporters.JUnitReportReporter -->
<testsuite hostname="DESKTOP-TLNRS9C" failures="0" tests="1" name="com.learning_testNG.Learning_Properties_files" time="23.626" errors="0" timestamp="2024-05-28T15:09:10 IST" skipped="0">
  <testcase classname="com.learning_testNG.Learning_Properties_files" name="login" time="23.626"/>
  <system-out>
    <![CDATA[rrrrrr1@gmail.com
rrrrrr]]>
  </system-out>
</testsuite> <!-- com.learning_testNG.Learning_Properties_files -->
