<?xml version="1.0" encoding="UTF-8"?>
<!-- Generated by org.testng.reporters.JUnitReportReporter -->
<testsuite hostname="DESKTOP-TLNRS9C" failures="0" tests="5" name="com.learning_testNG.Learning_ThreadPoolSize_annotation_Parallel_execution" time="39.097" errors="0" timestamp="2024-05-16T15:24:07 IST" skipped="0">
  <testcase classname="com.learning_testNG.Learning_ThreadPoolSize_annotation_Parallel_execution" name="loginActitime" time="7.299"/>
  <system-out/>
  <testcase classname="com.learning_testNG.Learning_ThreadPoolSize_annotation_Parallel_execution" name="loginActitime" time="7.431"/>
  <system-out/>
  <testcase classname="com.learning_testNG.Learning_ThreadPoolSize_annotation_Parallel_execution" name="loginActitime" time="10.051"/>
  <system-out/>
  <testcase classname="com.learning_testNG.Learning_ThreadPoolSize_annotation_Parallel_execution" name="loginActitime" time="10.185"/>
  <system-out/>
  <testcase classname="com.learning_testNG.Learning_ThreadPoolSize_annotation_Parallel_execution" name="loginActitime" time="4.131"/>
  <system-out/>
</testsuite> <!-- com.learning_testNG.Learning_ThreadPoolSize_annotation_Parallel_execution -->
