<?xml version="1.0" encoding="UTF-8"?>
<!-- Generated by org.testng.reporters.JUnitReportReporter -->
<testsuite hostname="DESKTOP-TLNRS9C" failures="0" tests="1" name="com.learning_testNG.First_TestNG_Class" time="0.032" errors="0" timestamp="2024-05-16T13:57:37 IST" skipped="0">
  <testcase classname="com.learning_testNG.First_TestNG_Class" name="loginTest" time="0.032"/>
  <system-out>
    <![CDATA[Executing login test case
executing login test case]]>
  </system-out>
</testsuite> <!-- com.learning_testNG.First_TestNG_Class -->
