<?xml version="1.0" encoding="UTF-8"?>
<!-- Generated by org.testng.reporters.JUnitReportReporter -->
<testsuite hostname="DESKTOP-TLNRS9C" failures="0" tests="1" name="com.test_scripts.DemoWebShop_Multi_Window_SS" time="20.116" errors="0" timestamp="2024-05-20T17:06:20 IST" skipped="0">
  <testcase classname="com.test_scripts.DemoWebShop_Multi_Window_SS" name="loginDWS" time="20.116"/>
  <system-out/>
</testsuite> <!-- com.test_scripts.DemoWebShop_Multi_Window_SS -->
