<?xml version="1.0" encoding="UTF-8"?>
<!-- Generated by org.testng.reporters.JUnitReportReporter -->
<testsuite hostname="DESKTOP-TLNRS9C" failures="0" tests="1" name="com.learning_testNG.Learning_Hard_Assert" time="15.357" errors="0" timestamp="2024-05-31T14:32:27 IST" skipped="0">
  <testcase classname="com.learning_testNG.Learning_Hard_Assert" name="loginHardAssert" time="15.357"/>
  <system-out/>
</testsuite> <!-- com.learning_testNG.Learning_Hard_Assert -->
