<?xml version="1.0" encoding="UTF-8"?>
<!-- Generated by org.testng.reporters.JUnitReportReporter -->
<testsuite hostname="DESKTOP-TLNRS9C" failures="0" tests="1" name="com.learning_testNG.Fetching_Single_Data_From_Excel_Sheet" time="18.976" errors="0" timestamp="2024-05-28T18:48:35 IST" skipped="0">
  <testcase classname="com.learning_testNG.Fetching_Single_Data_From_Excel_Sheet" name="loginToDWS" time="18.976"/>
  <system-out/>
</testsuite> <!-- com.learning_testNG.Fetching_Single_Data_From_Excel_Sheet -->
