<?xml version="1.0" encoding="UTF-8"?>
<!-- Generated by org.testng.reporters.JUnitReportReporter -->
<testsuite hostname="DESKTOP-TLNRS9C" failures="0" tests="3" name="com.learning_testNG.Learning_DataProvider" time="121.222" errors="0" timestamp="2024-05-25T19:21:04 IST" skipped="0">
  <testcase classname="com.learning_testNG.Learning_DataProvider" name="loginTest" time="21.560"/>
  <system-out/>
  <testcase classname="com.learning_testNG.Learning_DataProvider" name="loginTest" time="69.700"/>
  <system-out/>
  <testcase classname="com.learning_testNG.Learning_DataProvider" name="loginTest" time="29.962"/>
  <system-out/>
</testsuite> <!-- com.learning_testNG.Learning_DataProvider -->
