<?xml version="1.0" encoding="UTF-8"?>
<!-- Generated by org.testng.reporters.JUnitReportReporter -->
<testsuite hostname="DESKTOP-TLNRS9C" failures="0" tests="1" name="com.test_scripts.AddToCart_Test" time="15.802" errors="0" timestamp="2024-05-17T17:33:54 IST" skipped="0">
  <testcase classname="com.test_scripts.AddToCart_Test" name="AddProductToCartTestCase" time="15.802"/>
  <system-out>
    <![CDATA[item added to the cart]]>
  </system-out>
</testsuite> <!-- com.test_scripts.AddToCart_Test -->
